<?xml version="1.0" encoding="UTF-8"?>
<!-- Generated by org.testng.reporters.JUnitXMLReporter -->
<testsuite hostname="Swapnil" ignored="0" name="Default test" tests="3" failures="0" timestamp="11 Dec 2020 15:49:05 GMT" time="19.112" errors="0">
  <testcase name="@BeforeMethod setUP" time="18.85" classname="com.qa.AutomationTalksTest.BaseTest">
    <failure type="org.openqa.selenium.SessionNotCreatedException" message="session not created: This version of ChromeDriver only supports Chrome version 88
Current browser version is 87.0.4280.88 with binary path C:\Program Files (x86)\Google\Chrome\Application\chrome.exe
Build info: version: &amp;apos;3.141.59&amp;apos;, revision: &amp;apos;e82be7d358&amp;apos;, time: &amp;apos;2018-11-14T08:17:03&amp;apos;
System info: host: &amp;apos;SWAPNIL&amp;apos;, ip: &amp;apos;192.168.0.104&amp;apos;, os.name: &amp;apos;Windows 10&amp;apos;, os.arch: &amp;apos;amd64&amp;apos;, os.version: &amp;apos;10.0&amp;apos;, java.version: &amp;apos;1.8.0_211&amp;apos;
Driver info: driver.version: ChromeDriver
remote stacktrace: Backtrace:
	GetHandleVerifier [0x000B8A43+483]
	GetHandleVerifier [0x000B8A21+449]
	GetHandleVerifier [0x004613C8+3836776]
	GetHandleVerifier [0x0047B73A+3944154]
	GetHandleVerifier [0x00477B9A+3928890]
	GetHandleVerifier [0x00475E7C+3921436]
	GetHandleVerifier [0x0049C89E+4079678]
	GetHandleVerifier [0x0049C60C+4079020]
	GetHandleVerifier [0x0049938B+4066091]
	GetHandleVerifier [0x0047CDB4+3949908]
	GetHandleVerifier [0x0047DC6E+3953678]
	GetHandleVerifier [0x0047DBF9+3953561]
	Ordinal0 [0x00086A8C+92812]
	Ordinal0 [0x00080572+66930]
	Ordinal0 [0x00080142+65858]
	GetHandleVerifier [0x003847B8+2932568]
	GetHandleVerifier [0x001C12EE+1084046]
	GetHandleVerifier [0x00178B3D+787165]
	GetHandleVerifier [0x0017855B+785659]
	GetHandleVerifier [0x00178471+785425]
	GetHandleVerifier [0x001AB7B3+995155]
	BaseThreadInitThunk [0x762C6359+25]
	RtlGetAppContainerNamedObjectPath [0x772A8944+228]
	RtlGetAppContainerNamedObjectPath [0x772A8914+180]
	(No symbol) [0x00000000]
">
      <![CDATA[org.openqa.selenium.SessionNotCreatedException: session not created: This version of ChromeDriver only supports Chrome version 88
Current browser version is 87.0.4280.88 with binary path C:\Program Files (x86)\Google\Chrome\Application\chrome.exe
Build info: version: '3.141.59', revision: 'e82be7d358', time: '2018-11-14T08:17:03'
System info: host: 'SWAPNIL', ip: '192.168.0.104', os.name: 'Windows 10', os.arch: 'amd64', os.version: '10.0', java.version: '1.8.0_211'
Driver info: driver.version: ChromeDriver
remote stacktrace: Backtrace:
	GetHandleVerifier [0x000B8A43+483]
	GetHandleVerifier [0x000B8A21+449]
	GetHandleVerifier [0x004613C8+3836776]
	GetHandleVerifier [0x0047B73A+3944154]
	GetHandleVerifier [0x00477B9A+3928890]
	GetHandleVerifier [0x00475E7C+3921436]
	GetHandleVerifier [0x0049C89E+4079678]
	GetHandleVerifier [0x0049C60C+4079020]
	GetHandleVerifier [0x0049938B+4066091]
	GetHandleVerifier [0x0047CDB4+3949908]
	GetHandleVerifier [0x0047DC6E+3953678]
	GetHandleVerifier [0x0047DBF9+3953561]
	Ordinal0 [0x00086A8C+92812]
	Ordinal0 [0x00080572+66930]
	Ordinal0 [0x00080142+65858]
	GetHandleVerifier [0x003847B8+2932568]
	GetHandleVerifier [0x001C12EE+1084046]
	GetHandleVerifier [0x00178B3D+787165]
	GetHandleVerifier [0x0017855B+785659]
	GetHandleVerifier [0x00178471+785425]
	GetHandleVerifier [0x001AB7B3+995155]
	BaseThreadInitThunk [0x762C6359+25]
	RtlGetAppContainerNamedObjectPath [0x772A8944+228]
	RtlGetAppContainerNamedObjectPath [0x772A8914+180]
	(No symbol) [0x00000000]

	at sun.reflect.NativeConstructorAccessorImpl.newInstance0(Native Method)
	at sun.reflect.NativeConstructorAccessorImpl.newInstance(Unknown Source)
	at sun.reflect.DelegatingConstructorAccessorImpl.newInstance(Unknown Source)
	at java.lang.reflect.Constructor.newInstance(Unknown Source)
	at org.openqa.selenium.remote.W3CHandshakeResponse.lambda$errorHandler$0(W3CHandshakeResponse.java:62)
	at org.openqa.selenium.remote.HandshakeResponse.lambda$getResponseFunction$0(HandshakeResponse.java:30)
	at org.openqa.selenium.remote.ProtocolHandshake.lambda$createSession$0(ProtocolHandshake.java:126)
	at java.util.stream.ReferencePipeline$3$1.accept(Unknown Source)
	at java.util.Spliterators$ArraySpliterator.tryAdvance(Unknown Source)
	at java.util.stream.ReferencePipeline.forEachWithCancel(Unknown Source)
	at java.util.stream.AbstractPipeline.copyIntoWithCancel(Unknown Source)
	at java.util.stream.AbstractPipeline.copyInto(Unknown Source)
	at java.util.stream.AbstractPipeline.wrapAndCopyInto(Unknown Source)
	at java.util.stream.FindOps$FindOp.evaluateSequential(Unknown Source)
	at java.util.stream.AbstractPipeline.evaluate(Unknown Source)
	at java.util.stream.ReferencePipeline.findFirst(Unknown Source)
	at org.openqa.selenium.remote.ProtocolHandshake.createSession(ProtocolHandshake.java:128)
	at org.openqa.selenium.remote.ProtocolHandshake.createSession(ProtocolHandshake.java:74)
	at org.openqa.selenium.remote.HttpCommandExecutor.execute(HttpCommandExecutor.java:136)
	at org.openqa.selenium.remote.service.DriverCommandExecutor.execute(DriverCommandExecutor.java:83)
	at org.openqa.selenium.remote.RemoteWebDriver.execute(RemoteWebDriver.java:552)
	at org.openqa.selenium.remote.RemoteWebDriver.startSession(RemoteWebDriver.java:213)
	at org.openqa.selenium.remote.RemoteWebDriver.<init>(RemoteWebDriver.java:131)
	at org.openqa.selenium.chrome.ChromeDriver.<init>(ChromeDriver.java:181)
	at org.openqa.selenium.chrome.ChromeDriver.<init>(ChromeDriver.java:168)
	at org.openqa.selenium.chrome.ChromeDriver.<init>(ChromeDriver.java:123)
	at com.qa.AutomationTalksTest.BaseTest.setUP(BaseTest.java:23)
	at sun.reflect.NativeMethodAccessorImpl.invoke0(Native Method)
	at sun.reflect.NativeMethodAccessorImpl.invoke(Unknown Source)
	at sun.reflect.DelegatingMethodAccessorImpl.invoke(Unknown Source)
	at java.lang.reflect.Method.invoke(Unknown Source)
	at org.testng.internal.MethodInvocationHelper.invokeMethod(MethodInvocationHelper.java:108)
	at org.testng.internal.Invoker.invokeConfigurationMethod(Invoker.java:523)
	at org.testng.internal.Invoker.invokeConfigurations(Invoker.java:224)
	at org.testng.internal.Invoker.invokeMethod(Invoker.java:599)
	at org.testng.internal.Invoker.invokeTestMethod(Invoker.java:869)
	at org.testng.internal.Invoker.invokeTestMethods(Invoker.java:1193)
	at org.testng.internal.TestMethodWorker.invokeTestMethods(TestMethodWorker.java:126)
	at org.testng.internal.TestMethodWorker.run(TestMethodWorker.java:109)
	at org.testng.TestRunner.privateRun(TestRunner.java:744)
	at org.testng.TestRunner.run(TestRunner.java:602)
	at org.testng.SuiteRunner.runTest(SuiteRunner.java:380)
	at org.testng.SuiteRunner.runSequentially(SuiteRunner.java:375)
	at org.testng.SuiteRunner.privateRun(SuiteRunner.java:340)
	at org.testng.SuiteRunner.run(SuiteRunner.java:289)
	at org.testng.SuiteRunnerWorker.runSuite(SuiteRunnerWorker.java:52)
	at org.testng.SuiteRunnerWorker.run(SuiteRunnerWorker.java:86)
	at org.testng.TestNG.runSuitesSequentially(TestNG.java:1301)
	at org.testng.TestNG.runSuitesLocally(TestNG.java:1226)
	at org.testng.TestNG.runSuites(TestNG.java:1144)
	at org.testng.TestNG.run(TestNG.java:1115)
	at org.testng.remote.AbstractRemoteTestNG.run(AbstractRemoteTestNG.java:115)
	at org.testng.remote.RemoteTestNG.initAndRun(RemoteTestNG.java:251)
	at org.testng.remote.RemoteTestNG.main(RemoteTestNG.java:77)
]]>
    </failure>
  </testcase> <!-- @BeforeMethod setUP -->
  <testcase name="@BeforeMethod setUP" time="0.0" classname="com.qa.AutomationTalksTest.BaseTest">
    <skipped/>
  </testcase> <!-- @BeforeMethod setUP -->
  <testcase name="@BeforeMethod setUP" time="0.0" classname="com.qa.AutomationTalksTest.BaseTest">
    <skipped/>
  </testcase> <!-- @BeforeMethod setUP -->
  <testcase name="test1" time="0.0" classname="com.qa.AutomationTalksTest.BaseTest">
    <skipped/>
  </testcase> <!-- test1 -->
  <testcase name="test2" time="0.0" classname="com.qa.AutomationTalksTest.BaseTest">
    <skipped/>
  </testcase> <!-- test2 -->
  <testcase name="test3" time="0.0" classname="com.qa.AutomationTalksTest.BaseTest">
    <skipped/>
  </testcase> <!-- test3 -->
</testsuite> <!-- Default test -->
