<?xml version="1.0" encoding="UTF-8"?>
<!-- Generated by org.testng.reporters.JUnitXMLReporter -->
<testsuite hostname="Swapnil" ignored="0" name="Test" tests="3" failures="0" timestamp="08 Nov 2020 12:06:13 GMT" time="60.992" errors="0">
  <testcase name="test1" time="0.009" classname="com.qa.AutomationTalksTest.BaseTest"/>
  <testcase name="test2" time="0.006" classname="com.qa.AutomationTalksTest.BaseTest"/>
  <testcase name="test3" time="0.002" classname="com.qa.AutomationTalksTest.BaseTest"/>
</testsuite> <!-- Test -->
