<?xml version="1.0" encoding="UTF-8"?>
<!-- Generated by org.testng.reporters.JUnitXMLReporter -->
<testsuite ignored="0" hostname="DESKTOP-HV3UBSC" failures="0" tests="3" name="Test" time="47.677" errors="0" timestamp="21 Dec 2020 13:21:15 GMT">
  <testcase classname="com.qa.AutomationTalksTest.BaseTest" name="ValidateHomepage" time="0.024"/>
  <testcase classname="com.qa.AutomationTalksTest.BaseTest" name="ValidateLoginPage" time="0.018"/>
  <testcase classname="com.qa.AutomationTalksTest.BaseTest" name="ValidateRegistrationpage" time="0.023"/>
</testsuite> <!-- Test -->
