<?xml version="1.0" encoding="UTF-8"?>
<!-- Generated by org.testng.reporters.JUnitXMLReporter -->
<testsuite hostname="Swapnil" ignored="0" name="Test" tests="3" failures="0" timestamp="11 Dec 2020 15:52:28 GMT" time="62.824" errors="0">
  <testcase name="test1" time="0.405" classname="com.qa.AutomationTalksTest.BaseTest"/>
  <testcase name="test2" time="2.091" classname="com.qa.AutomationTalksTest.BaseTest"/>
  <testcase name="test3" time="1.702" classname="com.qa.AutomationTalksTest.BaseTest"/>
</testsuite> <!-- Test -->
