<?xml version="1.0" encoding="UTF-8"?>
<!-- Generated by org.testng.reporters.JUnitXMLReporter -->
<testsuite ignored="0" hostname="DESKTOP-HV3UBSC" failures="0" tests="3" name="Test" time="48.84" errors="0" timestamp="21 Dec 2020 16:42:51 GMT">
  <testcase classname="com.qa.AutomationTalksTest.BaseTest" name="ValidateHomepage" time="0.052"/>
  <testcase classname="com.qa.AutomationTalksTest.BaseTest" name="ValidateLoginPage" time="0.05"/>
  <testcase classname="com.qa.AutomationTalksTest.BaseTest" name="ValidateRegistrationpage" time="0.046"/>
</testsuite> <!-- Test -->
