<?xml version="1.0" encoding="UTF-8"?>
<!-- Generated by org.testng.reporters.JUnitXMLReporter -->
<testsuite ignored="0" hostname="DESKTOP-HV3UBSC" failures="0" tests="3" name="Test" time="0.182" errors="0" timestamp="15 Dec 2020 18:33:15 GMT">
  <testcase classname="com.qa.AutomationTalksTest.BaseTest" name="@BeforeMethod setUP" time="0.111">
    <failure type="java.lang.IllegalStateException" message="The driver executable does not exist: C:\Users\n\Desktop\chromedriver_win32\chromedriver1.exe">
      <![CDATA[java.lang.IllegalStateException: The driver executable does not exist: C:\Users\n\Desktop\chromedriver_win32\chromedriver1.exe
	at com.google.common.base.Preconditions.checkState(Preconditions.java:585)
	at org.openqa.selenium.remote.service.DriverService.checkExecutable(DriverService.java:146)
	at org.openqa.selenium.remote.service.DriverService.findExecutable(DriverService.java:141)
	at org.openqa.selenium.chrome.ChromeDriverService.access$000(ChromeDriverService.java:35)
	at org.openqa.selenium.chrome.ChromeDriverService$Builder.findDefaultExecutable(ChromeDriverService.java:159)
	at org.openqa.selenium.remote.service.DriverService$Builder.build(DriverService.java:355)
	at org.openqa.selenium.chrome.ChromeDriverService.createDefaultService(ChromeDriverService.java:94)
	at org.openqa.selenium.chrome.ChromeDriver.<init>(ChromeDriver.java:123)
	at com.qa.AutomationTalksTest.BaseTest.setUP(BaseTest.java:23)
... Removed 27 stack frames]]>
    </failure>
  </testcase> <!-- @BeforeMethod setUP -->
  <testcase classname="com.qa.AutomationTalksTest.BaseTest" name="@BeforeMethod setUP" time="0.0">
    <skipped/>
  </testcase> <!-- @BeforeMethod setUP -->
  <testcase classname="com.qa.AutomationTalksTest.BaseTest" name="@BeforeMethod setUP" time="0.0">
    <skipped/>
  </testcase> <!-- @BeforeMethod setUP -->
  <testcase classname="com.qa.AutomationTalksTest.BaseTest" name="test1" time="0.0">
    <skipped/>
  </testcase> <!-- test1 -->
  <testcase classname="com.qa.AutomationTalksTest.BaseTest" name="test2" time="0.0">
    <skipped/>
  </testcase> <!-- test2 -->
  <testcase classname="com.qa.AutomationTalksTest.BaseTest" name="test3" time="0.0">
    <skipped/>
  </testcase> <!-- test3 -->
</testsuite> <!-- Test -->
