<?xml version="1.0" encoding="UTF-8"?>
<testng-results ignored="0" total="3" passed="3" failed="0" skipped="0">
  <reporter-output>
  </reporter-output>
  <suite started-at="2020-12-21T13:20:27Z" name="Suite" finished-at="2020-12-21T13:21:15Z" duration-ms="47677">
    <groups>
    </groups>
    <test started-at="2020-12-21T13:20:27Z" name="Test" finished-at="2020-12-21T13:21:15Z" duration-ms="47677">
      <class name="com.qa.AutomationTalksTest.BaseTest">
        <test-method is-config="true" signature="setUP()[pri:0, instance:com.qa.AutomationTalksTest.BaseTest@1ff4931d]" started-at="2020-12-21T18:50:28Z" name="setUP" finished-at="2020-12-21T18:50:42Z" duration-ms="13588" status="PASS">
          <reporter-output>
          </reporter-output>
        </test-method> <!-- setUP -->
        <test-method signature="ValidateHomepage()[pri:0, instance:com.qa.AutomationTalksTest.BaseTest@1ff4931d]" started-at="2020-12-21T18:50:42Z" name="ValidateHomepage" description="Validate Home page" finished-at="2020-12-21T18:50:42Z" duration-ms="24" status="PASS">
          <reporter-output>
          </reporter-output>
        </test-method> <!-- ValidateHomepage -->
        <test-method is-config="true" signature="tearDown()[pri:0, instance:com.qa.AutomationTalksTest.BaseTest@1ff4931d]" started-at="2020-12-21T18:50:42Z" name="tearDown" finished-at="2020-12-21T18:50:43Z" duration-ms="1346" status="PASS">
          <reporter-output>
          </reporter-output>
        </test-method> <!-- tearDown -->
        <test-method is-config="true" signature="setUP()[pri:0, instance:com.qa.AutomationTalksTest.BaseTest@1ff4931d]" started-at="2020-12-21T18:50:43Z" name="setUP" finished-at="2020-12-21T18:50:56Z" duration-ms="13224" status="PASS">
          <reporter-output>
          </reporter-output>
        </test-method> <!-- setUP -->
        <test-method signature="ValidateLoginPage()[pri:0, instance:com.qa.AutomationTalksTest.BaseTest@1ff4931d]" started-at="2020-12-21T18:50:56Z" name="ValidateLoginPage" description="Validate login page" finished-at="2020-12-21T18:50:56Z" duration-ms="18" status="PASS">
          <reporter-output>
          </reporter-output>
        </test-method> <!-- ValidateLoginPage -->
        <test-method is-config="true" signature="tearDown()[pri:0, instance:com.qa.AutomationTalksTest.BaseTest@1ff4931d]" started-at="2020-12-21T18:50:56Z" name="tearDown" finished-at="2020-12-21T18:50:57Z" duration-ms="928" status="PASS">
          <reporter-output>
          </reporter-output>
        </test-method> <!-- tearDown -->
        <test-method is-config="true" signature="setUP()[pri:0, instance:com.qa.AutomationTalksTest.BaseTest@1ff4931d]" started-at="2020-12-21T18:50:57Z" name="setUP" finished-at="2020-12-21T18:51:14Z" duration-ms="16942" status="PASS">
          <reporter-output>
          </reporter-output>
        </test-method> <!-- setUP -->
        <test-method signature="ValidateRegistrationpage()[pri:0, instance:com.qa.AutomationTalksTest.BaseTest@1ff4931d]" started-at="2020-12-21T18:51:14Z" name="ValidateRegistrationpage" description="Validate Registration page" finished-at="2020-12-21T18:51:14Z" duration-ms="23" status="PASS">
          <reporter-output>
          </reporter-output>
        </test-method> <!-- ValidateRegistrationpage -->
        <test-method is-config="true" signature="tearDown()[pri:0, instance:com.qa.AutomationTalksTest.BaseTest@1ff4931d]" started-at="2020-12-21T18:51:14Z" name="tearDown" finished-at="2020-12-21T18:51:15Z" duration-ms="727" status="PASS">
          <reporter-output>
          </reporter-output>
        </test-method> <!-- tearDown -->
      </class> <!-- com.qa.AutomationTalksTest.BaseTest -->
    </test> <!-- Test -->
  </suite> <!-- Suite -->
</testng-results>
