<?xml version="1.0" encoding="UTF-8"?>
<testng-results skipped="0" failed="0" ignored="0" total="3" passed="3">
  <reporter-output>
  </reporter-output>
  <suite name="Suite" duration-ms="62824" started-at="2020-12-11T15:51:25Z" finished-at="2020-12-11T15:52:28Z">
    <groups>
    </groups>
    <test name="Test" duration-ms="62824" started-at="2020-12-11T15:51:25Z" finished-at="2020-12-11T15:52:28Z">
      <class name="com.qa.AutomationTalksTest.BaseTest">
        <test-method status="PASS" signature="setUP()[pri:0, instance:com.qa.AutomationTalksTest.BaseTest@8bd1b6a]" name="setUP" is-config="true" duration-ms="21159" started-at="2020-12-11T21:21:25Z" finished-at="2020-12-11T21:21:47Z">
          <reporter-output>
          </reporter-output>
        </test-method> <!-- setUP -->
        <test-method status="PASS" signature="test1()[pri:0, instance:com.qa.AutomationTalksTest.BaseTest@8bd1b6a]" name="test1" duration-ms="405" started-at="2020-12-11T21:21:47Z" finished-at="2020-12-11T21:21:47Z">
          <reporter-output>
          </reporter-output>
        </test-method> <!-- test1 -->
        <test-method status="PASS" signature="tearDown()[pri:0, instance:com.qa.AutomationTalksTest.BaseTest@8bd1b6a]" name="tearDown" is-config="true" duration-ms="2049" started-at="2020-12-11T21:21:47Z" finished-at="2020-12-11T21:21:49Z">
          <reporter-output>
          </reporter-output>
        </test-method> <!-- tearDown -->
        <test-method status="PASS" signature="setUP()[pri:0, instance:com.qa.AutomationTalksTest.BaseTest@8bd1b6a]" name="setUP" is-config="true" duration-ms="15585" started-at="2020-12-11T21:21:49Z" finished-at="2020-12-11T21:22:05Z">
          <reporter-output>
          </reporter-output>
        </test-method> <!-- setUP -->
        <test-method status="PASS" signature="test2()[pri:0, instance:com.qa.AutomationTalksTest.BaseTest@8bd1b6a]" name="test2" duration-ms="2091" started-at="2020-12-11T21:22:05Z" finished-at="2020-12-11T21:22:07Z">
          <reporter-output>
          </reporter-output>
        </test-method> <!-- test2 -->
        <test-method status="PASS" signature="tearDown()[pri:0, instance:com.qa.AutomationTalksTest.BaseTest@8bd1b6a]" name="tearDown" is-config="true" duration-ms="2185" started-at="2020-12-11T21:22:07Z" finished-at="2020-12-11T21:22:09Z">
          <reporter-output>
          </reporter-output>
        </test-method> <!-- tearDown -->
        <test-method status="PASS" signature="setUP()[pri:0, instance:com.qa.AutomationTalksTest.BaseTest@8bd1b6a]" name="setUP" is-config="true" duration-ms="15374" started-at="2020-12-11T21:22:09Z" finished-at="2020-12-11T21:22:24Z">
          <reporter-output>
          </reporter-output>
        </test-method> <!-- setUP -->
        <test-method status="PASS" signature="test3()[pri:0, instance:com.qa.AutomationTalksTest.BaseTest@8bd1b6a]" name="test3" duration-ms="1702" started-at="2020-12-11T21:22:24Z" finished-at="2020-12-11T21:22:26Z">
          <reporter-output>
          </reporter-output>
        </test-method> <!-- test3 -->
        <test-method status="PASS" signature="tearDown()[pri:0, instance:com.qa.AutomationTalksTest.BaseTest@8bd1b6a]" name="tearDown" is-config="true" duration-ms="2184" started-at="2020-12-11T21:22:26Z" finished-at="2020-12-11T21:22:28Z">
          <reporter-output>
          </reporter-output>
        </test-method> <!-- tearDown -->
      </class> <!-- com.qa.AutomationTalksTest.BaseTest -->
    </test> <!-- Test -->
  </suite> <!-- Suite -->
</testng-results>
